app/build/intermediates/manifest_merge_blame_file/debug/manifest-merger-blame-debug-report.txt
1<?xml version="1.0" encoding="utf-8"?>
2<manifest xmlns:android="http://schemas.android.com/apk/res/android"
3    package="com.example.blogapp"
4    android:versionCode="1"
5    android:versionName="1.0" >
6
7    <uses-sdk
8        android:minSdkVersion="25"
8-->src/main/AndroidManifest.xml
9        android:targetSdkVersion="29" />
9-->src/main/AndroidManifest.xml
10
11    <uses-permission android:name="android.permission.INTERNET" />
11-->src/main/AndroidManifest.xml:5:5-67
11-->src/main/AndroidManifest.xml:5:22-64
12    <uses-permission android:name="android.permission.ACCESS_NETWORK_STATE" />
12-->src/main/AndroidManifest.xml:6:5-79
12-->src/main/AndroidManifest.xml:6:22-76
13    <uses-permission android:name="android.permission.WAKE_LOCK" /> <!-- Required by older versions of Google Play services to create IID tokens -->
13-->[com.google.firebase:firebase-analytics:11.8.0] AndroidManifest.xml:25:5-68
13-->[com.google.firebase:firebase-analytics:11.8.0] AndroidManifest.xml:25:22-65
14    <uses-permission android:name="com.google.android.c2dm.permission.RECEIVE" />
14-->[com.google.firebase:firebase-iid:11.8.0] AndroidManifest.xml:26:5-82
14-->[com.google.firebase:firebase-iid:11.8.0] AndroidManifest.xml:26:22-79
15
16    <permission
16-->[com.google.firebase:firebase-iid:11.8.0] AndroidManifest.xml:28:5-30:47
17        android:name="com.example.blogapp.permission.C2D_MESSAGE"
17-->[com.google.firebase:firebase-iid:11.8.0] AndroidManifest.xml:29:9-63
18        android:protectionLevel="signature" />
18-->[com.google.firebase:firebase-iid:11.8.0] AndroidManifest.xml:30:9-44
19
20    <uses-permission android:name="com.example.blogapp.permission.C2D_MESSAGE" />
20-->[com.google.firebase:firebase-iid:11.8.0] AndroidManifest.xml:32:5-79
20-->[com.google.firebase:firebase-iid:11.8.0] AndroidManifest.xml:32:22-76
21
22    <application
22-->src/main/AndroidManifest.xml:8:5-35:19
23        android:allowBackup="true"
23-->src/main/AndroidManifest.xml:9:9-35
24        android:appComponentFactory="androidx.core.app.CoreComponentFactory"
24-->[androidx.core:core:1.1.0] AndroidManifest.xml:24:18-86
25        android:debuggable="true"
26        android:icon="@mipmap/ofs_logo"
26-->src/main/AndroidManifest.xml:10:9-40
27        android:label="@string/app_name"
27-->src/main/AndroidManifest.xml:11:9-41
28        android:roundIcon="@mipmap/ofs_logo"
28-->src/main/AndroidManifest.xml:12:9-45
29        android:supportsRtl="true"
29-->src/main/AndroidManifest.xml:13:9-35
30        android:testOnly="true"
31        android:theme="@style/AppTheme" >
31-->src/main/AndroidManifest.xml:14:9-40
32        <activity android:name="com.example.blogapp.SplashActivity" >
32-->src/main/AndroidManifest.xml:15:9-21:20
32-->src/main/AndroidManifest.xml:15:19-49
33            <intent-filter>
33-->src/main/AndroidManifest.xml:16:13-20:29
34                <action android:name="android.intent.action.MAIN" />
34-->src/main/AndroidManifest.xml:17:17-69
34-->src/main/AndroidManifest.xml:17:25-66
35
36                <category android:name="android.intent.category.LAUNCHER" />
36-->src/main/AndroidManifest.xml:19:17-77
36-->src/main/AndroidManifest.xml:19:27-74
37            </intent-filter>
38        </activity>
39        <activity android:name="com.example.blogapp.PostDetailsActivity" />
39-->src/main/AndroidManifest.xml:22:9-57
39-->src/main/AndroidManifest.xml:22:19-54
40        <activity android:name="com.example.blogapp.NewPost" />
40-->src/main/AndroidManifest.xml:23:9-45
40-->src/main/AndroidManifest.xml:23:19-42
41        <activity android:name="com.example.blogapp.AccountActivity" />
41-->src/main/AndroidManifest.xml:24:9-53
41-->src/main/AndroidManifest.xml:24:19-50
42        <activity android:name="com.example.blogapp.SignupActivity" />
42-->src/main/AndroidManifest.xml:25:9-52
42-->src/main/AndroidManifest.xml:25:19-49
43        <activity android:name="com.example.blogapp.LoginActivity" />
43-->src/main/AndroidManifest.xml:26:9-51
43-->src/main/AndroidManifest.xml:26:19-48
44        <activity
44-->src/main/AndroidManifest.xml:27:9-29:59
45            android:name="com.theartofdev.edmodo.cropper.CropImageActivity"
45-->src/main/AndroidManifest.xml:28:13-76
46            android:theme="@style/Base.Theme.AppCompat" />
46-->src/main/AndroidManifest.xml:29:13-56
47        <activity android:name="com.example.blogapp.MainActivity" />
47-->src/main/AndroidManifest.xml:30:9-50
47-->src/main/AndroidManifest.xml:30:19-47
48
49        <meta-data
49-->src/main/AndroidManifest.xml:32:9-34:57
50            android:name="preloaded_fonts"
50-->src/main/AndroidManifest.xml:33:13-43
51            android:resource="@array/preloaded_fonts" />
51-->src/main/AndroidManifest.xml:34:13-54
52
53        <activity
53-->[com.google.firebase:firebase-auth:11.8.0] AndroidManifest.xml:23:9-29:75
54            android:name="com.google.firebase.auth.internal.FederatedSignInActivity"
54-->[com.google.firebase:firebase-auth:11.8.0] AndroidManifest.xml:24:13-85
55            android:excludeFromRecents="true"
55-->[com.google.firebase:firebase-auth:11.8.0] AndroidManifest.xml:25:13-46
56            android:exported="true"
56-->[com.google.firebase:firebase-auth:11.8.0] AndroidManifest.xml:26:13-36
57            android:launchMode="singleInstance"
57-->[com.google.firebase:firebase-auth:11.8.0] AndroidManifest.xml:27:13-48
58            android:permission="com.google.firebase.auth.api.gms.permission.LAUNCH_FEDERATED_SIGN_IN"
58-->[com.google.firebase:firebase-auth:11.8.0] AndroidManifest.xml:28:13-102
59            android:theme="@android:style/Theme.Translucent.NoTitleBar" />
59-->[com.google.firebase:firebase-auth:11.8.0] AndroidManifest.xml:29:13-72
60        <!--
61             FirebaseMessagingService performs security checks at runtime,
62             no need for explicit permissions despite exported="true"
63        -->
64        <service
64-->[com.google.firebase:firebase-messaging:11.8.0] AndroidManifest.xml:28:9-34:19
65            android:name="com.google.firebase.messaging.FirebaseMessagingService"
65-->[com.google.firebase:firebase-messaging:11.8.0] AndroidManifest.xml:29:13-82
66            android:exported="true" >
66-->[com.google.firebase:firebase-messaging:11.8.0] AndroidManifest.xml:30:13-36
67            <intent-filter android:priority="-500" >
67-->[com.google.firebase:firebase-messaging:11.8.0] AndroidManifest.xml:31:13-33:29
67-->[com.google.firebase:firebase-messaging:11.8.0] AndroidManifest.xml:31:28-51
68                <action android:name="com.google.firebase.MESSAGING_EVENT" />
68-->[com.google.firebase:firebase-messaging:11.8.0] AndroidManifest.xml:32:17-78
68-->[com.google.firebase:firebase-messaging:11.8.0] AndroidManifest.xml:32:25-75
69            </intent-filter>
70        </service>
71
72        <activity
72-->[com.google.android.gms:play-services-base:11.8.0] AndroidManifest.xml:23:9-26:75
73            android:name="com.google.android.gms.common.api.GoogleApiActivity"
73-->[com.google.android.gms:play-services-base:11.8.0] AndroidManifest.xml:24:13-79
74            android:exported="false"
74-->[com.google.android.gms:play-services-base:11.8.0] AndroidManifest.xml:25:13-37
75            android:theme="@android:style/Theme.Translucent.NoTitleBar" />
75-->[com.google.android.gms:play-services-base:11.8.0] AndroidManifest.xml:26:13-72
76
77        <receiver
77-->[com.google.firebase:firebase-analytics:11.8.0] AndroidManifest.xml:28:9-32:20
78            android:name="com.google.android.gms.measurement.AppMeasurementReceiver"
78-->[com.google.firebase:firebase-analytics:11.8.0] AndroidManifest.xml:29:13-85
79            android:enabled="true"
79-->[com.google.firebase:firebase-analytics:11.8.0] AndroidManifest.xml:30:13-35
80            android:exported="false" >
80-->[com.google.firebase:firebase-analytics:11.8.0] AndroidManifest.xml:31:13-37
81        </receiver>
82        <receiver
82-->[com.google.firebase:firebase-analytics:11.8.0] AndroidManifest.xml:33:9-41:20
83            android:name="com.google.android.gms.measurement.AppMeasurementInstallReferrerReceiver"
83-->[com.google.firebase:firebase-analytics:11.8.0] AndroidManifest.xml:34:13-100
84            android:enabled="true"
84-->[com.google.firebase:firebase-analytics:11.8.0] AndroidManifest.xml:35:13-35
85            android:exported="true"
85-->[com.google.firebase:firebase-analytics:11.8.0] AndroidManifest.xml:36:13-36
86            android:permission="android.permission.INSTALL_PACKAGES" >
86-->[com.google.firebase:firebase-analytics:11.8.0] AndroidManifest.xml:37:13-69
87            <intent-filter>
87-->[com.google.firebase:firebase-analytics:11.8.0] AndroidManifest.xml:38:13-40:29
88                <action android:name="com.android.vending.INSTALL_REFERRER" />
88-->[com.google.firebase:firebase-analytics:11.8.0] AndroidManifest.xml:39:17-79
88-->[com.google.firebase:firebase-analytics:11.8.0] AndroidManifest.xml:39:25-76
89            </intent-filter>
90        </receiver>
91
92        <service
92-->[com.google.firebase:firebase-analytics:11.8.0] AndroidManifest.xml:43:9-46:40
93            android:name="com.google.android.gms.measurement.AppMeasurementService"
93-->[com.google.firebase:firebase-analytics:11.8.0] AndroidManifest.xml:44:13-84
94            android:enabled="true"
94-->[com.google.firebase:firebase-analytics:11.8.0] AndroidManifest.xml:45:13-35
95            android:exported="false" />
95-->[com.google.firebase:firebase-analytics:11.8.0] AndroidManifest.xml:46:13-37
96        <service
96-->[com.google.firebase:firebase-analytics:11.8.0] AndroidManifest.xml:47:9-51:72
97            android:name="com.google.android.gms.measurement.AppMeasurementJobService"
97-->[com.google.firebase:firebase-analytics:11.8.0] AndroidManifest.xml:48:13-87
98            android:enabled="true"
98-->[com.google.firebase:firebase-analytics:11.8.0] AndroidManifest.xml:49:13-35
99            android:exported="false"
99-->[com.google.firebase:firebase-analytics:11.8.0] AndroidManifest.xml:50:13-37
100            android:permission="android.permission.BIND_JOB_SERVICE" />
100-->[com.google.firebase:firebase-analytics:11.8.0] AndroidManifest.xml:51:13-69
101
102        <receiver
102-->[com.google.firebase:firebase-iid:11.8.0] AndroidManifest.xml:35:9-44:20
103            android:name="com.google.firebase.iid.FirebaseInstanceIdReceiver"
103-->[com.google.firebase:firebase-iid:11.8.0] AndroidManifest.xml:36:13-78
104            android:exported="true"
104-->[com.google.firebase:firebase-iid:11.8.0] AndroidManifest.xml:37:13-36
105            android:permission="com.google.android.c2dm.permission.SEND" >
105-->[com.google.firebase:firebase-iid:11.8.0] AndroidManifest.xml:38:13-73
106            <intent-filter>
106-->[com.google.firebase:firebase-iid:11.8.0] AndroidManifest.xml:39:13-43:29
107                <action android:name="com.google.android.c2dm.intent.RECEIVE" />
107-->[com.google.firebase:firebase-iid:11.8.0] AndroidManifest.xml:40:17-81
107-->[com.google.firebase:firebase-iid:11.8.0] AndroidManifest.xml:40:25-78
108
109                <category android:name="com.example.blogapp" />
109-->[com.google.firebase:firebase-iid:11.8.0] AndroidManifest.xml:42:17-61
109-->[com.google.firebase:firebase-iid:11.8.0] AndroidManifest.xml:42:27-58
110            </intent-filter>
111        </receiver>
112        <!--
113             FirebaseInstanceIdService performs security checks at runtime,
114             no need for explicit permissions despite exported="true"
115        -->
116        <service
116-->[com.google.firebase:firebase-iid:11.8.0] AndroidManifest.xml:50:9-56:19
117            android:name="com.google.firebase.iid.FirebaseInstanceIdService"
117-->[com.google.firebase:firebase-iid:11.8.0] AndroidManifest.xml:51:13-77
118            android:exported="true" >
118-->[com.google.firebase:firebase-iid:11.8.0] AndroidManifest.xml:52:13-36
119            <intent-filter android:priority="-500" >
119-->[com.google.firebase:firebase-iid:11.8.0] AndroidManifest.xml:53:13-55:29
119-->[com.google.firebase:firebase-iid:11.8.0] AndroidManifest.xml:53:28-51
120                <action android:name="com.google.firebase.INSTANCE_ID_EVENT" />
120-->[com.google.firebase:firebase-iid:11.8.0] AndroidManifest.xml:54:17-80
120-->[com.google.firebase:firebase-iid:11.8.0] AndroidManifest.xml:54:25-77
121            </intent-filter>
122        </service>
123
124        <provider
124-->[com.google.firebase:firebase-common:11.8.0] AndroidManifest.xml:8:9-12:39
125            android:name="com.google.firebase.provider.FirebaseInitProvider"
125-->[com.google.firebase:firebase-common:11.8.0] AndroidManifest.xml:9:13-77
126            android:authorities="com.example.blogapp.firebaseinitprovider"
126-->[com.google.firebase:firebase-common:11.8.0] AndroidManifest.xml:10:13-72
127            android:exported="false"
127-->[com.google.firebase:firebase-common:11.8.0] AndroidManifest.xml:11:13-37
128            android:initOrder="100" /> <!-- Include the AdActivity and InAppPurchaseActivity configChanges and themes. -->
128-->[com.google.firebase:firebase-common:11.8.0] AndroidManifest.xml:12:13-36
129        <activity
129-->[com.google.android.gms:play-services-ads-lite:11.8.0] AndroidManifest.xml:29:9-33:64
130            android:name="com.google.android.gms.ads.AdActivity"
130-->[com.google.android.gms:play-services-ads-lite:11.8.0] AndroidManifest.xml:30:13-65
131            android:configChanges="keyboard|keyboardHidden|orientation|screenLayout|uiMode|screenSize|smallestScreenSize"
131-->[com.google.android.gms:play-services-ads-lite:11.8.0] AndroidManifest.xml:31:13-122
132            android:exported="false"
132-->[com.google.android.gms:play-services-ads-lite:11.8.0] AndroidManifest.xml:32:13-37
133            android:theme="@android:style/Theme.Translucent" />
133-->[com.google.android.gms:play-services-ads-lite:11.8.0] AndroidManifest.xml:33:13-61
134
135        <meta-data
135-->[com.google.android.gms:play-services-basement:11.8.0] AndroidManifest.xml:23:9-25:69
136            android:name="com.google.android.gms.version"
136-->[com.google.android.gms:play-services-basement:11.8.0] AndroidManifest.xml:24:13-58
137            android:value="@integer/google_play_services_version" />
137-->[com.google.android.gms:play-services-basement:11.8.0] AndroidManifest.xml:25:13-66
138    </application>
139
140</manifest>